[01-24 10:45:20]: [INFO] Created column 'regdate' and set the current timestamp, 1737686720196, to all 0 rows
[01-24 10:45:20]: [INFO] SQLite Setup finished
[01-24 10:45:20]: [INFO] No supported permissions system found! Permissions are disabled!
[01-24 10:45:22]: [INFO] 
    ___         __  __    __  ___   
   /   | __  __/ /_/ /_  /  |/  /__ 
  / /| |/ / / / __/ __ \/ /|_/ / _ \
 / ___ / /_/ / /_/ / / / /  / /  __/
/_/  |_\__,_/\__/_/ /_/_/  /_/\___/ 
                                    
[01-24 10:45:22]: [INFO] AuthMeReReloaded is running on Paper
[01-24 10:45:22]: [INFO] AuthMeReReloaded is enabled successfully!
[01-24 10:45:22]: [INFO] GitHub: https://github.com/HaHaWTH/AuthMeReReloaded/
[01-24 10:45:22]: [INFO] Checking for updates...
[01-24 10:45:23]: [INFO] You are running the latest version.
[01-24 10:46:09]: [INFO:FINE] lastreliance registered 192.168.1.7
[01-24 10:46:10]: [INFO:FINE] lastreliance logged in 192.168.1.7
[01-24 10:47:18]: [INFO:FINE] last_reliance registered 192.168.1.7
[01-24 10:47:18]: [INFO:FINE] last_reliance logged in 192.168.1.7
[01-24 10:48:21]: [INFO] AuthMe 5.7.0-FORK-b53 is unloaded successfully!
[01-24 10:50:45]: [INFO] SQLite Setup finished
[01-24 10:50:46]: [INFO] No supported permissions system found! Permissions are disabled!
[01-24 10:50:46]: [INFO] 
    ___         __  __    __  ___   
   /   | __  __/ /_/ /_  /  |/  /__ 
  / /| |/ / / / __/ __ \/ /|_/ / _ \
 / ___ / /_/ / /_/ / / / /  / /  __/
/_/  |_\__,_/\__/_/ /_/_/  /_/\___/ 
                                    
[01-24 10:50:46]: [INFO] AuthMeReReloaded is running on Paper
[01-24 10:50:46]: [INFO] AuthMeReReloaded is enabled successfully!
[01-24 10:50:46]: [INFO] GitHub: https://github.com/HaHaWTH/AuthMeReReloaded/
[01-24 10:50:46]: [INFO] Checking for updates...
[01-24 10:50:55]: [INFO] You are running the latest version.
[01-24 11:13:04]: [INFO] AuthMe 5.7.0-FORK-b53 is unloaded successfully!
[01-24 12:14:06]: [INFO] SQLite Setup finished
[01-24 12:14:06]: [INFO] No supported permissions system found! Permissions are disabled!
[01-24 12:14:07]: [INFO] 
    ___         __  __    __  ___   
   /   | __  __/ /_/ /_  /  |/  /__ 
  / /| |/ / / / __/ __ \/ /|_/ / _ \
 / ___ / /_/ / /_/ / / / /  / /  __/
/_/  |_\__,_/\__/_/ /_/_/  /_/\___/ 
                                    
[01-24 12:14:07]: [INFO] AuthMeReReloaded is running on Paper
[01-24 12:14:07]: [INFO] AuthMeReReloaded is enabled successfully!
[01-24 12:14:07]: [INFO] GitHub: https://github.com/HaHaWTH/AuthMeReReloaded/
[01-24 12:14:07]: [INFO] Checking for updates...
[01-24 12:14:15]: [INFO] You are running the latest version.
[01-24 12:16:58]: [INFO:FINE] last_reliance logged in 192.168.1.7
[01-24 12:40:19]: [INFO:FINE] last_reliance logged in 192.168.1.7
[01-24 13:13:53]: [INFO:FINE] last_reliance logged in 192.168.1.7
[01-24 13:16:09]: [INFO] AuthMe 5.7.0-FORK-b53 is unloaded successfully!
[01-24 13:18:38]: [INFO] SQLite Setup finished
[01-24 13:18:38]: [INFO] No supported permissions system found! Permissions are disabled!
[01-24 13:18:39]: [INFO] 
    ___         __  __    __  ___   
   /   | __  __/ /_/ /_  /  |/  /__ 
  / /| |/ / / / __/ __ \/ /|_/ / _ \
 / ___ / /_/ / /_/ / / / /  / /  __/
/_/  |_\__,_/\__/_/ /_/_/  /_/\___/ 
                                    
[01-24 13:18:39]: [INFO] AuthMeReReloaded is running on Paper
[01-24 13:18:39]: [INFO] AuthMeReReloaded is enabled successfully!
[01-24 13:18:39]: [INFO] GitHub: https://github.com/HaHaWTH/AuthMeReReloaded/
[01-24 13:18:39]: [INFO] Checking for updates...
[01-24 13:18:48]: [INFO] You are running the latest version.
[01-24 13:18:48]: [INFO] AuthMe 5.7.0-FORK-b53 is unloaded successfully!
[01-24 13:19:22]: [INFO] SQLite Setup finished
[01-24 13:19:22]: [INFO] No supported permissions system found! Permissions are disabled!
[01-24 13:19:23]: [INFO] 
    ___         __  __    __  ___   
   /   | __  __/ /_/ /_  /  |/  /__ 
  / /| |/ / / / __/ __ \/ /|_/ / _ \
 / ___ / /_/ / /_/ / / / /  / /  __/
/_/  |_\__,_/\__/_/ /_/_/  /_/\___/ 
                                    
[01-24 13:19:23]: [INFO] AuthMeReReloaded is running on Paper
[01-24 13:19:23]: [INFO] AuthMeReReloaded is enabled successfully!
[01-24 13:19:23]: [INFO] GitHub: https://github.com/HaHaWTH/AuthMeReReloaded/
[01-24 13:19:23]: [INFO] Checking for updates...
[01-24 13:19:31]: [INFO] You are running the latest version.
[01-24 13:20:17]: [INFO:FINE] last_reliance logged in 192.168.1.7
[01-24 13:21:15]: [INFO:FINE] Ogurets957 registered 192.168.1.6
[01-24 13:21:15]: [INFO:FINE] Ogurets957 logged in 192.168.1.6
[01-24 13:31:56]: [INFO:FINE] Ogurets957 logged in 192.168.1.6
[01-24 14:10:58]: [INFO] SQLite Setup finished
[01-24 14:10:58]: [INFO] No supported permissions system found! Permissions are disabled!
[01-24 14:10:59]: [INFO] 
    ___         __  __    __  ___   
   /   | __  __/ /_/ /_  /  |/  /__ 
  / /| |/ / / / __/ __ \/ /|_/ / _ \
 / ___ / /_/ / /_/ / / / /  / /  __/
/_/  |_\__,_/\__/_/ /_/_/  /_/\___/ 
                                    
[01-24 14:11:00]: [INFO] AuthMeReReloaded is running on Paper
[01-24 14:11:00]: [INFO] AuthMeReReloaded is enabled successfully!
[01-24 14:11:00]: [INFO] GitHub: https://github.com/HaHaWTH/AuthMeReReloaded/
[01-24 14:11:00]: [INFO] Checking for updates...
[01-24 14:11:03]: [INFO] You are running the latest version.
[01-24 14:11:08]: [INFO:FINE] last_reliance logged in 192.168.1.7
[01-24 14:11:21]: [INFO:FINE] Ogurets957 logged in 192.168.1.6
[01-24 14:19:05]: [INFO] AuthMe 5.7.0-FORK-b53 is unloaded successfully!
[01-24 14:19:33]: [INFO] SQLite Setup finished
[01-24 14:19:33]: [INFO] No supported permissions system found! Permissions are disabled!
[01-24 14:19:34]: [INFO] 
    ___         __  __    __  ___   
   /   | __  __/ /_/ /_  /  |/  /__ 
  / /| |/ / / / __/ __ \/ /|_/ / _ \
 / ___ / /_/ / /_/ / / / /  / /  __/
/_/  |_\__,_/\__/_/ /_/_/  /_/\___/ 
                                    
[01-24 14:19:34]: [INFO] AuthMeReReloaded is running on Paper
[01-24 14:19:34]: [INFO] AuthMeReReloaded is enabled successfully!
[01-24 14:19:34]: [INFO] GitHub: https://github.com/HaHaWTH/AuthMeReReloaded/
[01-24 14:19:34]: [INFO] Checking for updates...
[01-24 14:19:41]: [INFO:FINE] last_reliance logged in 192.168.1.7
[01-24 14:19:43]: [INFO] You are running the latest version.
[01-24 14:19:44]: [INFO:FINE] Ogurets957 logged in 192.168.1.6
[01-24 14:27:35]: [INFO] AuthMe 5.7.0-FORK-b53 is unloaded successfully!
