[17:33:14] [main/INFO]: Environment: authHost='https://authserver.mojang.com', accountsHost='https://api.mojang.com', sessionHost='https://sessionserver.mojang.com', servicesHost='https://api.minecraftservices.com', name='PROD'
[17:33:15] [main/INFO]: Reloading ResourceManager: Default, bukkit
[17:33:18] [Worker-Main-1/INFO]: Loaded 7 recipes
[17:33:24] [Server thread/INFO]: Starting minecraft server version 1.16.5
[17:33:24] [Server thread/INFO]: Loading properties
[17:33:25] [Server thread/INFO]: This server is running Paper version git-Paper-794 (MC: 1.16.5) (Implementing API version 1.16.5-R0.1-SNAPSHOT)
[17:33:25] [Server thread/INFO]: Debug logging is disabled
[17:33:25] [Server thread/INFO]: Server Ping Player Sample Count: 12
[17:33:25] [Server thread/INFO]: Using 4 threads for Netty based IO
[17:33:25] [Server thread/INFO]: Default game type: SURVIVAL
[17:33:25] [Server thread/INFO]: Generating keypair
[17:33:26] [Server thread/INFO]: Starting Minecraft server on *:25565
[17:33:26] [Server thread/INFO]: Using epoll channel type
[17:33:28] [Server thread/INFO]: [AuthMe] Loading AuthMe v5.7.0-FORK-b53
[17:33:28] [Server thread/INFO]: [CordBook] Loading CordBook v1.0.0
[17:33:28] [Server thread/INFO]: Server permissions file permissions.yml is empty, ignoring it
[17:33:28] [Server thread/WARN]: **** SERVER IS RUNNING IN OFFLINE/INSECURE MODE!
[17:33:28] [Server thread/WARN]: The server will make no attempt to authenticate usernames. Beware.
[17:33:28] [Server thread/WARN]: While this makes the game possible to play without internet access, it also opens up the ability for hackers to connect with any username they choose.
[17:33:28] [Server thread/WARN]: To change this, set "online-mode" to "true" in the server.properties file.
[17:33:28] [Server thread/INFO]: Preparing level "MAIN VVORLD"
[17:33:28] [Server thread/INFO]: -------- World Settings For [MAIN VVORLD] --------
[17:33:28] [Server thread/INFO]: Cactus Growth Modifier: 100%
[17:33:28] [Server thread/INFO]: Cane Growth Modifier: 100%
[17:33:28] [Server thread/INFO]: Melon Growth Modifier: 100%
[17:33:28] [Server thread/INFO]: Mushroom Growth Modifier: 100%
[17:33:28] [Server thread/INFO]: Pumpkin Growth Modifier: 100%
[17:33:28] [Server thread/INFO]: Sapling Growth Modifier: 100%
[17:33:28] [Server thread/INFO]: Beetroot Growth Modifier: 100%
[17:33:28] [Server thread/INFO]: Carrot Growth Modifier: 100%
[17:33:28] [Server thread/INFO]: Potato Growth Modifier: 100%
[17:33:28] [Server thread/INFO]: Wheat Growth Modifier: 100%
[17:33:28] [Server thread/INFO]: NetherWart Growth Modifier: 100%
[17:33:28] [Server thread/INFO]: Vine Growth Modifier: 100%
[17:33:28] [Server thread/INFO]: Cocoa Growth Modifier: 100%
[17:33:28] [Server thread/INFO]: Bamboo Growth Modifier: 100%
[17:33:28] [Server thread/INFO]: SweetBerry Growth Modifier: 100%
[17:33:28] [Server thread/INFO]: Kelp Growth Modifier: 100%
[17:33:28] [Server thread/INFO]: Entity Activation Range: An 32 / Mo 32 / Ra 48 / Mi 16 / Tiv true
[17:33:28] [Server thread/INFO]: Hopper Transfer: 8 Hopper Check: 1 Hopper Amount: 1
[17:33:28] [Server thread/INFO]: Custom Map Seeds:  Village: 10387312 Desert: 14357617 Igloo: 14357618 Jungle: 14357619 Swamp: 14357620 Monument: 10387313 Ocean: 14357621 Shipwreck: 165745295 End City: 10387313 Slime: 987234911 Bastion: 30084232 Fortress: 30084232 Mansion: 10387319 Fossil: 14357921 Portal: 34222645
[17:33:28] [Server thread/INFO]: Max TNT Explosions: 100
[17:33:28] [Server thread/INFO]: Tile Max Tick Time: 50ms Entity max Tick Time: 50ms
[17:33:28] [Server thread/INFO]: Experience Merge Radius: 3.0
[17:33:28] [Server thread/INFO]: Entity Tracking Range: Pl 48 / An 48 / Mo 48 / Mi 32 / Other 64
[17:33:28] [Server thread/INFO]: Allow Zombie Pigmen to spawn from portal blocks: true
[17:33:28] [Server thread/INFO]: View Distance: 8
[17:33:28] [Server thread/INFO]: Item Merge Radius: 2.5
[17:33:28] [Server thread/INFO]: Item Despawn Rate: 6000
[17:33:28] [Server thread/INFO]: Arrow Despawn Rate: 1200 Trident Respawn Rate:1200
[17:33:28] [Server thread/INFO]: Zombie Aggressive Towards Villager: true
[17:33:28] [Server thread/INFO]: Nerfing mobs spawned from spawners: false
[17:33:28] [Server thread/INFO]: Mob Spawn Range: 4
[17:33:28] [Server thread/INFO]: -------- World Settings For [MAIN VVORLD_nether] --------
[17:33:28] [Server thread/INFO]: Cactus Growth Modifier: 100%
[17:33:28] [Server thread/INFO]: Cane Growth Modifier: 100%
[17:33:28] [Server thread/INFO]: Melon Growth Modifier: 100%
[17:33:28] [Server thread/INFO]: Mushroom Growth Modifier: 100%
[17:33:28] [Server thread/INFO]: Pumpkin Growth Modifier: 100%
[17:33:28] [Server thread/INFO]: Sapling Growth Modifier: 100%
[17:33:28] [Server thread/INFO]: Beetroot Growth Modifier: 100%
[17:33:28] [Server thread/INFO]: Carrot Growth Modifier: 100%
[17:33:28] [Server thread/INFO]: Potato Growth Modifier: 100%
[17:33:28] [Server thread/INFO]: Wheat Growth Modifier: 100%
[17:33:28] [Server thread/INFO]: NetherWart Growth Modifier: 100%
[17:33:28] [Server thread/INFO]: Vine Growth Modifier: 100%
[17:33:28] [Server thread/INFO]: Cocoa Growth Modifier: 100%
[17:33:28] [Server thread/INFO]: Bamboo Growth Modifier: 100%
[17:33:28] [Server thread/INFO]: SweetBerry Growth Modifier: 100%
[17:33:28] [Server thread/INFO]: Kelp Growth Modifier: 100%
[17:33:28] [Server thread/INFO]: Entity Activation Range: An 32 / Mo 32 / Ra 48 / Mi 16 / Tiv true
[17:33:28] [Server thread/INFO]: Hopper Transfer: 8 Hopper Check: 1 Hopper Amount: 1
[17:33:28] [Server thread/INFO]: Custom Map Seeds:  Village: 10387312 Desert: 14357617 Igloo: 14357618 Jungle: 14357619 Swamp: 14357620 Monument: 10387313 Ocean: 14357621 Shipwreck: 165745295 End City: 10387313 Slime: 987234911 Bastion: 30084232 Fortress: 30084232 Mansion: 10387319 Fossil: 14357921 Portal: 34222645
[17:33:28] [Server thread/INFO]: Max TNT Explosions: 100
[17:33:28] [Server thread/INFO]: Tile Max Tick Time: 50ms Entity max Tick Time: 50ms
[17:33:28] [Server thread/INFO]: Experience Merge Radius: 3.0
[17:33:28] [Server thread/INFO]: Entity Tracking Range: Pl 48 / An 48 / Mo 48 / Mi 32 / Other 64
[17:33:28] [Server thread/INFO]: Allow Zombie Pigmen to spawn from portal blocks: true
[17:33:28] [Server thread/INFO]: View Distance: 8
[17:33:28] [Server thread/INFO]: Item Merge Radius: 2.5
[17:33:28] [Server thread/INFO]: Item Despawn Rate: 6000
[17:33:28] [Server thread/INFO]: Arrow Despawn Rate: 1200 Trident Respawn Rate:1200
[17:33:28] [Server thread/INFO]: Zombie Aggressive Towards Villager: true
[17:33:28] [Server thread/INFO]: Nerfing mobs spawned from spawners: false
[17:33:28] [Server thread/INFO]: Mob Spawn Range: 4
[17:33:29] [Server thread/INFO]: -------- World Settings For [MAIN VVORLD_the_end] --------
[17:33:29] [Server thread/INFO]: Cactus Growth Modifier: 100%
[17:33:29] [Server thread/INFO]: Cane Growth Modifier: 100%
[17:33:29] [Server thread/INFO]: Melon Growth Modifier: 100%
[17:33:29] [Server thread/INFO]: Mushroom Growth Modifier: 100%
[17:33:29] [Server thread/INFO]: Pumpkin Growth Modifier: 100%
[17:33:29] [Server thread/INFO]: Sapling Growth Modifier: 100%
[17:33:29] [Server thread/INFO]: Beetroot Growth Modifier: 100%
[17:33:29] [Server thread/INFO]: Carrot Growth Modifier: 100%
[17:33:29] [Server thread/INFO]: Potato Growth Modifier: 100%
[17:33:29] [Server thread/INFO]: Wheat Growth Modifier: 100%
[17:33:29] [Server thread/INFO]: NetherWart Growth Modifier: 100%
[17:33:29] [Server thread/INFO]: Vine Growth Modifier: 100%
[17:33:29] [Server thread/INFO]: Cocoa Growth Modifier: 100%
[17:33:29] [Server thread/INFO]: Bamboo Growth Modifier: 100%
[17:33:29] [Server thread/INFO]: SweetBerry Growth Modifier: 100%
[17:33:29] [Server thread/INFO]: Kelp Growth Modifier: 100%
[17:33:29] [Server thread/INFO]: Entity Activation Range: An 32 / Mo 32 / Ra 48 / Mi 16 / Tiv true
[17:33:29] [Server thread/INFO]: Hopper Transfer: 8 Hopper Check: 1 Hopper Amount: 1
[17:33:29] [Server thread/INFO]: Custom Map Seeds:  Village: 10387312 Desert: 14357617 Igloo: 14357618 Jungle: 14357619 Swamp: 14357620 Monument: 10387313 Ocean: 14357621 Shipwreck: 165745295 End City: 10387313 Slime: 987234911 Bastion: 30084232 Fortress: 30084232 Mansion: 10387319 Fossil: 14357921 Portal: 34222645
[17:33:29] [Server thread/INFO]: Max TNT Explosions: 100
[17:33:29] [Server thread/INFO]: Tile Max Tick Time: 50ms Entity max Tick Time: 50ms
[17:33:29] [Server thread/INFO]: Experience Merge Radius: 3.0
[17:33:29] [Server thread/INFO]: Entity Tracking Range: Pl 48 / An 48 / Mo 48 / Mi 32 / Other 64
[17:33:29] [Server thread/INFO]: Allow Zombie Pigmen to spawn from portal blocks: true
[17:33:29] [Server thread/INFO]: View Distance: 8
[17:33:29] [Server thread/INFO]: Item Merge Radius: 2.5
[17:33:29] [Server thread/INFO]: Item Despawn Rate: 6000
[17:33:29] [Server thread/INFO]: Arrow Despawn Rate: 1200 Trident Respawn Rate:1200
[17:33:29] [Server thread/INFO]: Zombie Aggressive Towards Villager: true
[17:33:29] [Server thread/INFO]: Nerfing mobs spawned from spawners: false
[17:33:29] [Server thread/INFO]: Mob Spawn Range: 4
[17:33:29] [Server thread/INFO]: Preparing start region for dimension minecraft:overworld
[17:33:30] [Server thread/INFO]: Preparing spawn area: 0%
[17:33:30] [Server thread/INFO]: Preparing spawn area: 0%
[17:33:30] [Server thread/INFO]: Preparing spawn area: 0%
[17:33:30] [Server thread/INFO]: Preparing spawn area: 0%
[17:33:31] [Server thread/INFO]: Preparing spawn area: 0%
[17:33:31] [Server thread/INFO]: Preparing spawn area: 2%
[17:33:32] [Server thread/INFO]: Preparing spawn area: 19%
[17:33:32] [Server thread/INFO]: Preparing spawn area: 42%
[17:33:33] [Server thread/INFO]: Preparing spawn area: 61%
[17:33:35] [Server thread/INFO]: Time elapsed: 6025 ms
[17:33:35] [Server thread/INFO]: Preparing start region for dimension minecraft:the_nether
[17:33:35] [Server thread/INFO]: Preparing spawn area: 0%
[17:33:36] [Server thread/INFO]: Preparing spawn area: 0%
[17:33:36] [Server thread/INFO]: Preparing spawn area: 0%
[17:33:36] [Server thread/INFO]: Preparing spawn area: 24%
[17:33:37] [Server thread/INFO]: Preparing spawn area: 65%
[17:33:38] [Server thread/INFO]: Time elapsed: 3040 ms
[17:33:38] [Server thread/INFO]: Preparing start region for dimension minecraft:the_end
[17:33:39] [Server thread/INFO]: Preparing spawn area: 0%
[17:33:39] [Server thread/INFO]: Preparing spawn area: 0%
[17:33:39] [Server thread/INFO]: Preparing spawn area: 0%
[17:33:39] [Worker-Main-1/INFO]: Preparing spawn area: 100%
[17:33:40] [Worker-Main-1/INFO]: Preparing spawn area: 100%
[17:33:40] [Worker-Main-1/INFO]: Preparing spawn area: 100%
[17:33:41] [Worker-Main-1/INFO]: Preparing spawn area: 100%
[17:33:41] [Worker-Main-1/INFO]: Preparing spawn area: 100%
[17:33:42] [Worker-Main-1/INFO]: Preparing spawn area: 100%
[17:33:42] [Worker-Main-1/INFO]: Preparing spawn area: 100%
[17:33:43] [Worker-Main-1/INFO]: Preparing spawn area: 100%
[17:33:43] [Worker-Main-1/INFO]: Preparing spawn area: 100%
[17:33:43] [Server thread/INFO]: Time elapsed: 5569 ms
[17:33:43] [Server thread/INFO]: [AuthMe] Enabling AuthMe v5.7.0-FORK-b53
[17:33:44] [Server thread/INFO]: [AuthMe] You are running an unofficial fork version of AuthMe!
[17:33:46] [Server thread/INFO]: [AuthMe] SQLite Setup finished
[17:33:46] [Server thread/INFO]: [AuthMe] No supported permissions system found! Permissions are disabled!
[17:33:51] [Server thread/INFO]: [AuthMe] 
    ___         __  __    __  ___   
   /   | __  __/ /_/ /_  /  |/  /__ 
  / /| |/ / / / __/ __ \/ /|_/ / _ \
 / ___ / /_/ / /_/ / / / /  / /  __/
/_/  |_\__,_/\__/_/ /_/_/  /_/\___/ 
                                    
[17:33:51] [Server thread/INFO]: [AuthMe] AuthMeReReloaded is running on Paper
[17:33:51] [Server thread/INFO]: [AuthMe] AuthMeReReloaded is enabled successfully!
[17:33:51] [Server thread/INFO]: [AuthMe] GitHub: https://github.com/HaHaWTH/AuthMeReReloaded/
[17:33:51] [Server thread/INFO]: [AuthMe] Checking for updates...
[17:33:51] [Server thread/INFO]: [CordBook] Enabling CordBook v1.0.0
[17:33:51] [Server thread/INFO]: [CordBook] CordBook has been enabled!
[17:33:51] [Server thread/INFO]: Running delayed init tasks
[17:33:51] [Server thread/INFO]: Done (27.297s)! For help, type "help"
[17:33:51] [Server thread/WARN]: [io.papermc.paper.util.PaperJvmChecker] ************************************************************
[17:33:51] [Server thread/WARN]: [io.papermc.paper.util.PaperJvmChecker] * WARNING - YOU ARE RUNNING AN OUTDATED VERSION OF JAVA.
[17:33:51] [Server thread/WARN]: [io.papermc.paper.util.PaperJvmChecker] * PAPER WILL STOP BEING COMPATIBLE WITH THIS VERSION OF
[17:33:51] [Server thread/WARN]: [io.papermc.paper.util.PaperJvmChecker] * JAVA WHEN MINECRAFT 1.17 IS RELEASED.
[17:33:51] [Server thread/WARN]: [io.papermc.paper.util.PaperJvmChecker] *
[17:33:51] [Server thread/WARN]: [io.papermc.paper.util.PaperJvmChecker] * Please update the version of Java you use to run Paper
[17:33:51] [Server thread/WARN]: [io.papermc.paper.util.PaperJvmChecker] * to at least Java 16. When Paper for Minecraft 1.17 is
[17:33:51] [Server thread/WARN]: [io.papermc.paper.util.PaperJvmChecker] * released support for versions of Java before 16 will
[17:33:51] [Server thread/WARN]: [io.papermc.paper.util.PaperJvmChecker] * be dropped.
[17:33:51] [Server thread/WARN]: [io.papermc.paper.util.PaperJvmChecker] *
[17:33:51] [Server thread/WARN]: [io.papermc.paper.util.PaperJvmChecker] * Current Java version: 11.0.25
[17:33:51] [Server thread/WARN]: [io.papermc.paper.util.PaperJvmChecker] *
[17:33:51] [Server thread/WARN]: [io.papermc.paper.util.PaperJvmChecker] * Check this forum post for more information: 
[17:33:51] [Server thread/WARN]: [io.papermc.paper.util.PaperJvmChecker] *   https://papermc.io/java16
[17:33:51] [Server thread/WARN]: [io.papermc.paper.util.PaperJvmChecker] ************************************************************
[17:33:51] [Server thread/INFO]: Timings Reset
[17:33:52] [Craft Scheduler Thread - 2/INFO]: [AuthMe] You are running the latest version.
[17:34:43] [User Authenticator #1/INFO]: UUID of player novatrace is 53d9d3f7-aa0a-373a-92ef-d452955cf744
[17:34:45] [Server thread/INFO]: novatrace[/45.136.144.21:57840] logged in with entity id 337 at ([MAIN VVORLD]100.62422442982589, 64.0, 233.54073736632918)
[17:34:53] [Server thread/WARN]: Can't keep up! Is the server overloaded? Running 5019ms or 100 ticks behind
[17:35:24] [Craft Scheduler Thread - 5/INFO]: [AuthMe] novatrace logged in 45.136.144.21
[17:37:17] [Server thread/INFO]: novatrace issued server command: /pl
[17:39:02] [Server thread/WARN]: Can't keep up! Is the server overloaded? Running 5016ms or 100 ticks behind
[18:22:20] [Server thread/INFO]: novatrace lost connection: Disconnected
[18:22:29] [Server thread/INFO]: Stopping the server
[18:22:29] [Server thread/INFO]: Stopping server
[18:22:29] [Server thread/INFO]: [CordBook] Disabling CordBook v1.0.0
[18:22:29] [Server thread/INFO]: [CordBook] CordBook has been disabled!
[18:22:29] [Server thread/INFO]: [AuthMe] Disabling AuthMe v5.7.0-FORK-b53
[18:22:29] [Server thread/INFO]: [AuthMe] AuthMe 5.7.0-FORK-b53 is unloaded successfully!
[18:22:29] [Server thread/INFO]: Saving players
[18:22:30] [Server thread/INFO]: Saving worlds
[18:22:30] [Server thread/INFO]: Saving chunks for level 'ServerLevel[MAIN VVORLD]'/minecraft:overworld
[18:22:30] [Server thread/INFO]: ThreadedAnvilChunkStorage (MAIN VVORLD): All chunks are saved
[18:22:30] [Server thread/INFO]: Saving chunks for level 'ServerLevel[MAIN VVORLD_nether]'/minecraft:the_nether
[18:22:30] [Server thread/INFO]: ThreadedAnvilChunkStorage (DIM-1): All chunks are saved
[18:22:30] [Server thread/INFO]: Saving chunks for level 'ServerLevel[MAIN VVORLD_the_end]'/minecraft:the_end
[18:22:30] [Server thread/INFO]: ThreadedAnvilChunkStorage (DIM1): All chunks are saved
[18:22:30] [Server thread/INFO]: ThreadedAnvilChunkStorage (MAIN VVORLD): All chunks are saved
[18:22:30] [Server thread/INFO]: ThreadedAnvilChunkStorage (DIM-1): All chunks are saved
[18:22:30] [Server thread/INFO]: ThreadedAnvilChunkStorage (DIM1): All chunks are saved
[18:22:30] [Server thread/INFO]: Flushing Chunk IO
[18:22:30] [Server thread/INFO]: Closing Thread Pool
[18:22:30] [Server thread/INFO]: Closing Server
